   1               		.file	"sync_timer.c"
   2               	__SP_H__ = 0x3e
   3               	__SP_L__ = 0x3d
   4               	__SREG__ = 0x3f
   5               	__tmp_reg__ = 0
   6               	__zero_reg__ = 1
   7               		.text
   8               	.Ltext0:
   9               		.cfi_sections	.debug_frame
  10               	.Letext0:
  11               		.file 1 "/usr/local/Cellar/avr-gcc@8/8.4.0_1/avr/include/stdint.h"
  12               		.file 2 "tmk_core/common/timer.h"
DEFINED SYMBOLS
                            *ABS*:0000000000000000 sync_timer.c
/var/folders/_7/b1vvw0zx42g3yw9l_q10bzth0000gn/T//ccLR4gmV.s:2      *ABS*:000000000000003e __SP_H__
/var/folders/_7/b1vvw0zx42g3yw9l_q10bzth0000gn/T//ccLR4gmV.s:3      *ABS*:000000000000003d __SP_L__
/var/folders/_7/b1vvw0zx42g3yw9l_q10bzth0000gn/T//ccLR4gmV.s:4      *ABS*:000000000000003f __SREG__
/var/folders/_7/b1vvw0zx42g3yw9l_q10bzth0000gn/T//ccLR4gmV.s:5      *ABS*:0000000000000000 __tmp_reg__
/var/folders/_7/b1vvw0zx42g3yw9l_q10bzth0000gn/T//ccLR4gmV.s:6      *ABS*:0000000000000001 __zero_reg__

NO UNDEFINED SYMBOLS
