   1               		.file	"keymap.c"
   2               	__SP_H__ = 0x3e
   3               	__SP_L__ = 0x3d
   4               	__SREG__ = 0x3f
   5               	__tmp_reg__ = 0
   6               	__zero_reg__ = 1
   7               		.text
   8               	.Ltext0:
   9               		.cfi_sections	.debug_frame
  10               		.section	.text.td_toggle_layers,"ax",@progbits
  11               	.global	td_toggle_layers
  13               	td_toggle_layers:
  14               	.LVL0:
  15               	.LFB117:
  16               		.file 1 "keyboards/dz60/keymaps/Crabo-7498/keymap.c"
   1:keyboards/dz60/keymaps/Crabo-7498/keymap.c **** #include QMK_KEYBOARD_H
   2:keyboards/dz60/keymaps/Crabo-7498/keymap.c **** /*----------------------*/
   3:keyboards/dz60/keymaps/Crabo-7498/keymap.c **** /*------- ENUMS --------*/
   4:keyboards/dz60/keymaps/Crabo-7498/keymap.c **** /*----------------------*/
   5:keyboards/dz60/keymaps/Crabo-7498/keymap.c **** 
   6:keyboards/dz60/keymaps/Crabo-7498/keymap.c **** enum unicode_names
   7:keyboards/dz60/keymaps/Crabo-7498/keymap.c **** {
   8:keyboards/dz60/keymaps/Crabo-7498/keymap.c ****     AMOGUS,
   9:keyboards/dz60/keymaps/Crabo-7498/keymap.c **** };
  10:keyboards/dz60/keymaps/Crabo-7498/keymap.c **** 
  11:keyboards/dz60/keymaps/Crabo-7498/keymap.c **** enum tap_dance_names
  12:keyboards/dz60/keymaps/Crabo-7498/keymap.c **** {
  13:keyboards/dz60/keymaps/Crabo-7498/keymap.c ****     TD_SWITCH_LAYERS,
  14:keyboards/dz60/keymaps/Crabo-7498/keymap.c **** };
  15:keyboards/dz60/keymaps/Crabo-7498/keymap.c **** 
  16:keyboards/dz60/keymaps/Crabo-7498/keymap.c **** enum custom_keycodes
  17:keyboards/dz60/keymaps/Crabo-7498/keymap.c **** {
  18:keyboards/dz60/keymaps/Crabo-7498/keymap.c ****     MACRO_CLICK = SAFE_RANGE,
  19:keyboards/dz60/keymaps/Crabo-7498/keymap.c ****     TOGGLE_MC_LAYER = 0xFF,
  20:keyboards/dz60/keymaps/Crabo-7498/keymap.c **** };
  21:keyboards/dz60/keymaps/Crabo-7498/keymap.c **** 
  22:keyboards/dz60/keymaps/Crabo-7498/keymap.c **** /*----------------------*/
  23:keyboards/dz60/keymaps/Crabo-7498/keymap.c **** /*----- FUNCTIONS ------*/
  24:keyboards/dz60/keymaps/Crabo-7498/keymap.c **** /*----------------------*/
  25:keyboards/dz60/keymaps/Crabo-7498/keymap.c **** 
  26:keyboards/dz60/keymaps/Crabo-7498/keymap.c **** void td_toggle_layers(qk_tap_dance_state_t *state, void *user_data)
  27:keyboards/dz60/keymaps/Crabo-7498/keymap.c **** {
  17               		.loc 1 27 1 view -0
  18               		.cfi_startproc
  19               	/* prologue: function */
  20               	/* frame size = 0 */
  21               	/* stack size = 0 */
  22               	.L__stack_usage = 0
  28:keyboards/dz60/keymaps/Crabo-7498/keymap.c ****     if (state->count == 1)
  23               		.loc 1 28 5 view .LVU1
  29:keyboards/dz60/keymaps/Crabo-7498/keymap.c ****     {
  30:keyboards/dz60/keymaps/Crabo-7498/keymap.c ****         // send_unicode_string("ඞ");
  31:keyboards/dz60/keymaps/Crabo-7498/keymap.c ****         // reset_tap_dance(state);
  32:keyboards/dz60/keymaps/Crabo-7498/keymap.c ****     }
  33:keyboards/dz60/keymaps/Crabo-7498/keymap.c ****     else if (state->count == 2)
  34:keyboards/dz60/keymaps/Crabo-7498/keymap.c ****     {
  35:keyboards/dz60/keymaps/Crabo-7498/keymap.c ****         // layer_on(2);
  36:keyboards/dz60/keymaps/Crabo-7498/keymap.c ****         // reset_tap_dance(state);
  37:keyboards/dz60/keymaps/Crabo-7498/keymap.c ****     }
  24               		.loc 1 37 5 view .LVU2
  25               	/* epilogue start */
  38:keyboards/dz60/keymaps/Crabo-7498/keymap.c **** }
  26               		.loc 1 38 1 is_stmt 0 view .LVU3
  27 0000 0895      		ret
  28               		.cfi_endproc
  29               	.LFE117:
  31               		.section	.text.process_record_user,"ax",@progbits
  32               	.global	process_record_user
  34               	process_record_user:
  35               	.LVL1:
  36               	.LFB118:
  39:keyboards/dz60/keymaps/Crabo-7498/keymap.c **** 
  40:keyboards/dz60/keymaps/Crabo-7498/keymap.c **** /*----------------------*/
  41:keyboards/dz60/keymaps/Crabo-7498/keymap.c **** /*---- DEFINITIONS -----*/
  42:keyboards/dz60/keymaps/Crabo-7498/keymap.c **** /*----------------------*/
  43:keyboards/dz60/keymaps/Crabo-7498/keymap.c **** 
  44:keyboards/dz60/keymaps/Crabo-7498/keymap.c **** const uint32_t PROGMEM unicode_map[] = {
  45:keyboards/dz60/keymaps/Crabo-7498/keymap.c ****     [AMOGUS] = 0xe0b69e,
  46:keyboards/dz60/keymaps/Crabo-7498/keymap.c **** };
  47:keyboards/dz60/keymaps/Crabo-7498/keymap.c **** 
  48:keyboards/dz60/keymaps/Crabo-7498/keymap.c **** qk_tap_dance_action_t tap_dance_actions[] = {
  49:keyboards/dz60/keymaps/Crabo-7498/keymap.c ****     //[TD_SWITCH_LAYERS] = ACTION_TAP_DANCE_LAYER_TOGGLE(KC_RCTL, 2),
  50:keyboards/dz60/keymaps/Crabo-7498/keymap.c **** };
  51:keyboards/dz60/keymaps/Crabo-7498/keymap.c **** 
  52:keyboards/dz60/keymaps/Crabo-7498/keymap.c **** /*----------------------*/
  53:keyboards/dz60/keymaps/Crabo-7498/keymap.c **** /*------ KEYMAPS -------*/
  54:keyboards/dz60/keymaps/Crabo-7498/keymap.c **** /*----------------------*/
  55:keyboards/dz60/keymaps/Crabo-7498/keymap.c **** 
  56:keyboards/dz60/keymaps/Crabo-7498/keymap.c **** const uint16_t PROGMEM keymaps[][MATRIX_ROWS][MATRIX_COLS] = {
  57:keyboards/dz60/keymaps/Crabo-7498/keymap.c **** 
  58:keyboards/dz60/keymaps/Crabo-7498/keymap.c ****     /* Qwerty Base layer
  59:keyboards/dz60/keymaps/Crabo-7498/keymap.c ****     * ,-----------------------------------------------------------------------------------------.
  60:keyboards/dz60/keymaps/Crabo-7498/keymap.c ****     * | Esc |  1  |  2  |  3  |  4  |  5  |  6  |  7  |  8  |  9  |  0  |  -  |  =  | Backspace |
  61:keyboards/dz60/keymaps/Crabo-7498/keymap.c ****     * |-----------------------------------------------------------------------------------------+
  62:keyboards/dz60/keymaps/Crabo-7498/keymap.c ****     * | Tab    |  Q  |  W  |  E  |  R  |  T  |  Y  |  U  |  I  |  O  |  P  |  [  |  ]  |   \    |
  63:keyboards/dz60/keymaps/Crabo-7498/keymap.c ****     * |-----------------------------------------------------------------------------------------+
  64:keyboards/dz60/keymaps/Crabo-7498/keymap.c ****     * | CAPS    |  A  |  S  |  D  |  F  |  G  |  H  |  J  |  K  |  L  |  ;  |  '  |    Enter    |
  65:keyboards/dz60/keymaps/Crabo-7498/keymap.c ****     * |-----------------------------------------------------------------------------------------+
  66:keyboards/dz60/keymaps/Crabo-7498/keymap.c ****     * | Shift     |  Z  |  X  |  C  |  V  |  B  |  N  |  M  |  ,  |  .  |  /  |   Right Shift   |
  67:keyboards/dz60/keymaps/Crabo-7498/keymap.c ****     * |-----------------------------------------------------------------------------------------+
  68:keyboards/dz60/keymaps/Crabo-7498/keymap.c ****     * | Ctrl  |  CMD  |  Alt  |               Space               | Right |  FN  | Left | LYR+  |
  69:keyboards/dz60/keymaps/Crabo-7498/keymap.c ****     *  `----------------------------------------------------------------------------------------'
  70:keyboards/dz60/keymaps/Crabo-7498/keymap.c ****     */
  71:keyboards/dz60/keymaps/Crabo-7498/keymap.c **** 
  72:keyboards/dz60/keymaps/Crabo-7498/keymap.c ****     LAYOUT(
  73:keyboards/dz60/keymaps/Crabo-7498/keymap.c ****         KC_GESC, KC_1, KC_2, KC_3, KC_4, KC_5, KC_6, KC_7, KC_8, KC_9, KC_0, KC_MINS, KC_EQL, KC_BS
  74:keyboards/dz60/keymaps/Crabo-7498/keymap.c ****         KC_TAB, KC_Q, KC_W, KC_E, KC_R, KC_T, KC_Y, KC_U, KC_I, KC_O, KC_P, KC_LBRC, KC_RBRC, KC_BS
  75:keyboards/dz60/keymaps/Crabo-7498/keymap.c ****         KC_CAPS, KC_A, KC_S, KC_D, KC_F, KC_G, KC_H, KC_J, KC_K, KC_L, KC_SCLN, KC_QUOT, KC_ENT,
  76:keyboards/dz60/keymaps/Crabo-7498/keymap.c ****         KC_LSFT, XXXXXXX, KC_Z, KC_X, KC_C, KC_V, KC_B, KC_N, KC_M, KC_COMM, KC_DOT, KC_SLSH, TOGGL
  77:keyboards/dz60/keymaps/Crabo-7498/keymap.c ****         KC_LCTL, KC_LGUI, KC_LALT, KC_SPC, KC_SPC, KC_SPC, KC_LEFT, TT(2), XXXXXXX, KC_RIGHT, KC_RC
  78:keyboards/dz60/keymaps/Crabo-7498/keymap.c **** 
  79:keyboards/dz60/keymaps/Crabo-7498/keymap.c ****     /* --------------------------- ALL SPECIAL LAYERS GO UNDER HERE --------------------------- */
  80:keyboards/dz60/keymaps/Crabo-7498/keymap.c **** 
  81:keyboards/dz60/keymaps/Crabo-7498/keymap.c ****     /* Minecraft CPS Layer
  82:keyboards/dz60/keymaps/Crabo-7498/keymap.c ****     *
  83:keyboards/dz60/keymaps/Crabo-7498/keymap.c ****     * MS = Mouse Button 1 (aka left click)
  84:keyboards/dz60/keymaps/Crabo-7498/keymap.c ****     * 
  85:keyboards/dz60/keymaps/Crabo-7498/keymap.c ****     * ,-----------------------------------------------------------------------------------------.
  86:keyboards/dz60/keymaps/Crabo-7498/keymap.c ****     * |     |     |     |     |     |     |     |     |     |     |     |     |     |   Delete  |
  87:keyboards/dz60/keymaps/Crabo-7498/keymap.c ****     * |-----------------------------------------------------------------------------------------+
  88:keyboards/dz60/keymaps/Crabo-7498/keymap.c ****     * |        |  MS  |     |     |     |     |     |     |     |     |     |     |     |       |
  89:keyboards/dz60/keymaps/Crabo-7498/keymap.c ****     * |-----------------------------------------------------------------------------------------+
  90:keyboards/dz60/keymaps/Crabo-7498/keymap.c ****     * |   MS    |     |     |     |  MS  |     |     |     |     |     |     |     |            |
  91:keyboards/dz60/keymaps/Crabo-7498/keymap.c ****     * |-----------------------------------------------------------------------------------------+
  92:keyboards/dz60/keymaps/Crabo-7498/keymap.c ****     * |             |     |     |     |     |     |     |     |     |     |     |               |
  93:keyboards/dz60/keymaps/Crabo-7498/keymap.c ****     * |-----------------------------------------------------------------------------------------+
  94:keyboards/dz60/keymaps/Crabo-7498/keymap.c ****     * |       |       |       |                                   |       |      |      |       |
  95:keyboards/dz60/keymaps/Crabo-7498/keymap.c ****     *  `----------------------------------------------------------------------------------------'
  96:keyboards/dz60/keymaps/Crabo-7498/keymap.c ****     */
  97:keyboards/dz60/keymaps/Crabo-7498/keymap.c **** 
  98:keyboards/dz60/keymaps/Crabo-7498/keymap.c ****     LAYOUT(
  99:keyboards/dz60/keymaps/Crabo-7498/keymap.c ****         KC_TRNS, KC_TRNS, KC_TRNS, KC_TRNS, KC_TRNS, KC_TRNS, KC_TRNS, KC_TRNS, KC_TRNS, KC_TRNS, K
 100:keyboards/dz60/keymaps/Crabo-7498/keymap.c ****         KC_TRNS, MACRO_CLICK, KC_TRNS, KC_TRNS, KC_TRNS, KC_TRNS, KC_TRNS, KC_TRNS, KC_TRNS, KC_TRN
 101:keyboards/dz60/keymaps/Crabo-7498/keymap.c ****         MACRO_CLICK, KC_TRNS, KC_TRNS, KC_TRNS, MACRO_CLICK, KC_TRNS, KC_TRNS, KC_TRNS, KC_TRNS, KC
 102:keyboards/dz60/keymaps/Crabo-7498/keymap.c ****         KC_TRNS, KC_TRNS, KC_TRNS, KC_TRNS, KC_TRNS, KC_TRNS, KC_TRNS, KC_TRNS, KC_TRNS, KC_TRNS, K
 103:keyboards/dz60/keymaps/Crabo-7498/keymap.c ****         KC_TRNS, KC_TRNS, KC_TRNS, KC_TRNS, KC_TRNS, KC_TRNS, KC_TRNS, _______, KC_TRNS, KC_TRNS, T
 104:keyboards/dz60/keymaps/Crabo-7498/keymap.c **** 
 105:keyboards/dz60/keymaps/Crabo-7498/keymap.c ****     /* FN Layer
 106:keyboards/dz60/keymaps/Crabo-7498/keymap.c ****     * ,-----------------------------------------------------------------------------------------.
 107:keyboards/dz60/keymaps/Crabo-7498/keymap.c ****     * |  `  |  F1 |  F2 |  F3 |  F4 |  F5 |  F6 |  F7 |  F8 |  F9 |  F10 |  F11 |  F12 | Delete |
 108:keyboards/dz60/keymaps/Crabo-7498/keymap.c ****     * |-----------------------------------------------------------------------------------------+
 109:keyboards/dz60/keymaps/Crabo-7498/keymap.c ****     * |        | TOG | OFF |     |     |     |     |     |     |     |     | SLP | WKE |  PRSCN |
 110:keyboards/dz60/keymaps/Crabo-7498/keymap.c ****     * |-----------------------------------------------------------------------------------------+
 111:keyboards/dz60/keymaps/Crabo-7498/keymap.c ****     * |         |     |     |     |     |     |     |     |     |     |     |     |    RESET    |
 112:keyboards/dz60/keymaps/Crabo-7498/keymap.c ****     * |-----------------------------------------------------------------------------------------+
 113:keyboards/dz60/keymaps/Crabo-7498/keymap.c ****     * |           |     |     |     |     | VOL- | VOL+ | PLY | PRV | NXT | MTE |               |
 114:keyboards/dz60/keymaps/Crabo-7498/keymap.c ****     * |-----------------------------------------------------------------------------------------+
 115:keyboards/dz60/keymaps/Crabo-7498/keymap.c ****     * |       |       |       |                                   |  Up   |  FN  | Down | LYR+  |
 116:keyboards/dz60/keymaps/Crabo-7498/keymap.c ****     *  `----------------------------------------------------------------------------------------'
 117:keyboards/dz60/keymaps/Crabo-7498/keymap.c ****     */
 118:keyboards/dz60/keymaps/Crabo-7498/keymap.c **** 
 119:keyboards/dz60/keymaps/Crabo-7498/keymap.c ****     LAYOUT(
 120:keyboards/dz60/keymaps/Crabo-7498/keymap.c ****         KC_GRV, KC_F1, KC_F2, KC_F3, KC_F4, KC_F5, KC_F6, KC_F7, KC_F8, KC_F9, KC_F10, KC_F11, KC_F
 121:keyboards/dz60/keymaps/Crabo-7498/keymap.c ****         RGB_MODE_FORWARD, RGB_TOG, RGB_HUI, RGB_HUD, RGB_SAI, RGB_SAD, _______, _______, _______, _
 122:keyboards/dz60/keymaps/Crabo-7498/keymap.c ****         _______, _______, _______, _______, _______, _______, _______, _______, _______, _______, _
 123:keyboards/dz60/keymaps/Crabo-7498/keymap.c ****         _______, _______, _______, _______, _______, _______, KC_VOLD, KC_VOLU, KC_MPLY, KC_MPRV, K
 124:keyboards/dz60/keymaps/Crabo-7498/keymap.c ****         _______, _______, _______, _______, _______, _______, KC_UP, _______, _______, KC_DOWN, TO(
 125:keyboards/dz60/keymaps/Crabo-7498/keymap.c **** };
 126:keyboards/dz60/keymaps/Crabo-7498/keymap.c **** 
 127:keyboards/dz60/keymaps/Crabo-7498/keymap.c **** /*----------------------*/
 128:keyboards/dz60/keymaps/Crabo-7498/keymap.c **** /*------- MACROS -------*/
 129:keyboards/dz60/keymaps/Crabo-7498/keymap.c **** /*----------------------*/
 130:keyboards/dz60/keymaps/Crabo-7498/keymap.c **** 
 131:keyboards/dz60/keymaps/Crabo-7498/keymap.c **** uint16_t counter = 0;
 132:keyboards/dz60/keymaps/Crabo-7498/keymap.c **** uint16_t timer = 0;
 133:keyboards/dz60/keymaps/Crabo-7498/keymap.c **** bool triggered = false;
 134:keyboards/dz60/keymaps/Crabo-7498/keymap.c **** 
 135:keyboards/dz60/keymaps/Crabo-7498/keymap.c **** bool process_record_user(uint16_t keycode, keyrecord_t *record)
 136:keyboards/dz60/keymaps/Crabo-7498/keymap.c **** {
  37               		.loc 1 136 1 is_stmt 1 view -0
  38               		.cfi_startproc
  39               	/* prologue: function */
  40               	/* frame size = 0 */
  41               	/* stack size = 0 */
  42               	.L__stack_usage = 0
 137:keyboards/dz60/keymaps/Crabo-7498/keymap.c ****     switch (keycode)
  43               		.loc 1 137 5 view .LVU5
  44 0000 8F3F      		cpi r24,-1
  45 0002 9105      		cpc r25,__zero_reg__
  46 0004 01F0      		breq .L3
  47 0006 8932      		cpi r24,41
  48 0008 9D45      		sbci r25,93
  49 000a 01F4      		brne .L4
 138:keyboards/dz60/keymaps/Crabo-7498/keymap.c ****     {
 139:keyboards/dz60/keymaps/Crabo-7498/keymap.c ****     // FAST CLICK FOR MC PVP
 140:keyboards/dz60/keymaps/Crabo-7498/keymap.c ****     case MACRO_CLICK:
 141:keyboards/dz60/keymaps/Crabo-7498/keymap.c ****         if (record->event.pressed)
  50               		.loc 1 141 9 view .LVU6
  51               		.loc 1 141 12 is_stmt 0 view .LVU7
  52 000c FB01      		movw r30,r22
  53 000e 8281      		ldd r24,Z+2
  54               	.LVL2:
  55               		.loc 1 141 12 view .LVU8
  56 0010 8823      		tst r24
  57 0012 01F0      		breq .L5
 142:keyboards/dz60/keymaps/Crabo-7498/keymap.c ****         {
 143:keyboards/dz60/keymaps/Crabo-7498/keymap.c ****             // Pressed
 144:keyboards/dz60/keymaps/Crabo-7498/keymap.c ****             triggered = true;
  58               		.loc 1 144 13 is_stmt 1 view .LVU9
  59               		.loc 1 144 23 is_stmt 0 view .LVU10
  60 0014 81E0      		ldi r24,lo8(1)
  61 0016 8093 0000 		sts triggered,r24
  62               	.LVL3:
  63               	.L4:
 145:keyboards/dz60/keymaps/Crabo-7498/keymap.c ****         }
 146:keyboards/dz60/keymaps/Crabo-7498/keymap.c ****         else
 147:keyboards/dz60/keymaps/Crabo-7498/keymap.c ****         {
 148:keyboards/dz60/keymaps/Crabo-7498/keymap.c ****             triggered = false;
 149:keyboards/dz60/keymaps/Crabo-7498/keymap.c ****             // Released
 150:keyboards/dz60/keymaps/Crabo-7498/keymap.c ****         }
 151:keyboards/dz60/keymaps/Crabo-7498/keymap.c ****         break;
 152:keyboards/dz60/keymaps/Crabo-7498/keymap.c **** 
 153:keyboards/dz60/keymaps/Crabo-7498/keymap.c ****     // TOGGLES MACRO LAYERS
 154:keyboards/dz60/keymaps/Crabo-7498/keymap.c ****     case TOGGLE_MC_LAYER:
 155:keyboards/dz60/keymaps/Crabo-7498/keymap.c ****         if (record->event.pressed)
 156:keyboards/dz60/keymaps/Crabo-7498/keymap.c ****         {
 157:keyboards/dz60/keymaps/Crabo-7498/keymap.c **** 
 158:keyboards/dz60/keymaps/Crabo-7498/keymap.c ****             // Make timer to ensure pressed within 350ms
 159:keyboards/dz60/keymaps/Crabo-7498/keymap.c ****             timer = timer_read();
 160:keyboards/dz60/keymaps/Crabo-7498/keymap.c ****             if (counter > 1)
 161:keyboards/dz60/keymaps/Crabo-7498/keymap.c ****             {
 162:keyboards/dz60/keymaps/Crabo-7498/keymap.c ****                 layer_off(2);
 163:keyboards/dz60/keymaps/Crabo-7498/keymap.c ****                 layer_on(1);
 164:keyboards/dz60/keymaps/Crabo-7498/keymap.c ****                 counter = 0;
 165:keyboards/dz60/keymaps/Crabo-7498/keymap.c ****             }
 166:keyboards/dz60/keymaps/Crabo-7498/keymap.c ****             else
 167:keyboards/dz60/keymaps/Crabo-7498/keymap.c ****             {
 168:keyboards/dz60/keymaps/Crabo-7498/keymap.c ****                 counter++;
 169:keyboards/dz60/keymaps/Crabo-7498/keymap.c ****             }
 170:keyboards/dz60/keymaps/Crabo-7498/keymap.c ****         }
 171:keyboards/dz60/keymaps/Crabo-7498/keymap.c ****         else
 172:keyboards/dz60/keymaps/Crabo-7498/keymap.c ****         {
 173:keyboards/dz60/keymaps/Crabo-7498/keymap.c ****             // Released
 174:keyboards/dz60/keymaps/Crabo-7498/keymap.c ****         }
  64               		.loc 1 174 9 is_stmt 1 view .LVU11
 175:keyboards/dz60/keymaps/Crabo-7498/keymap.c ****     }
 176:keyboards/dz60/keymaps/Crabo-7498/keymap.c ****     return true;
  65               		.loc 1 176 5 view .LVU12
 177:keyboards/dz60/keymaps/Crabo-7498/keymap.c **** };
  66               		.loc 1 177 1 is_stmt 0 view .LVU13
  67 001a 81E0      		ldi r24,lo8(1)
  68               	/* epilogue start */
  69 001c 0895      		ret
  70               	.LVL4:
  71               	.L5:
 148:keyboards/dz60/keymaps/Crabo-7498/keymap.c ****             // Released
  72               		.loc 1 148 13 is_stmt 1 view .LVU14
 148:keyboards/dz60/keymaps/Crabo-7498/keymap.c ****             // Released
  73               		.loc 1 148 23 is_stmt 0 view .LVU15
  74 001e 1092 0000 		sts triggered,__zero_reg__
  75 0022 00C0      		rjmp .L4
  76               	.LVL5:
  77               	.L3:
 155:keyboards/dz60/keymaps/Crabo-7498/keymap.c ****         {
  78               		.loc 1 155 9 is_stmt 1 view .LVU16
 155:keyboards/dz60/keymaps/Crabo-7498/keymap.c ****         {
  79               		.loc 1 155 12 is_stmt 0 view .LVU17
  80 0024 FB01      		movw r30,r22
  81 0026 8281      		ldd r24,Z+2
  82               	.LVL6:
 155:keyboards/dz60/keymaps/Crabo-7498/keymap.c ****         {
  83               		.loc 1 155 12 view .LVU18
  84 0028 8823      		tst r24
  85 002a 01F0      		breq .L4
 159:keyboards/dz60/keymaps/Crabo-7498/keymap.c ****             if (counter > 1)
  86               		.loc 1 159 13 is_stmt 1 view .LVU19
 159:keyboards/dz60/keymaps/Crabo-7498/keymap.c ****             if (counter > 1)
  87               		.loc 1 159 21 is_stmt 0 view .LVU20
  88 002c 0E94 0000 		call timer_read
  89               	.LVL7:
 159:keyboards/dz60/keymaps/Crabo-7498/keymap.c ****             if (counter > 1)
  90               		.loc 1 159 19 view .LVU21
  91 0030 9093 0000 		sts timer+1,r25
  92 0034 8093 0000 		sts timer,r24
 160:keyboards/dz60/keymaps/Crabo-7498/keymap.c ****             {
  93               		.loc 1 160 13 is_stmt 1 view .LVU22
 160:keyboards/dz60/keymaps/Crabo-7498/keymap.c ****             {
  94               		.loc 1 160 25 is_stmt 0 view .LVU23
  95 0038 8091 0000 		lds r24,counter
  96 003c 9091 0000 		lds r25,counter+1
 160:keyboards/dz60/keymaps/Crabo-7498/keymap.c ****             {
  97               		.loc 1 160 16 view .LVU24
  98 0040 8230      		cpi r24,2
  99 0042 9105      		cpc r25,__zero_reg__
 100 0044 00F0      		brlo .L6
 162:keyboards/dz60/keymaps/Crabo-7498/keymap.c ****                 layer_on(1);
 101               		.loc 1 162 17 is_stmt 1 view .LVU25
 102 0046 82E0      		ldi r24,lo8(2)
 103 0048 0E94 0000 		call layer_off
 104               	.LVL8:
 163:keyboards/dz60/keymaps/Crabo-7498/keymap.c ****                 counter = 0;
 105               		.loc 1 163 17 view .LVU26
 106 004c 81E0      		ldi r24,lo8(1)
 107 004e 0E94 0000 		call layer_on
 108               	.LVL9:
 164:keyboards/dz60/keymaps/Crabo-7498/keymap.c ****             }
 109               		.loc 1 164 17 view .LVU27
 164:keyboards/dz60/keymaps/Crabo-7498/keymap.c ****             }
 110               		.loc 1 164 25 is_stmt 0 view .LVU28
 111 0052 1092 0000 		sts counter+1,__zero_reg__
 112 0056 1092 0000 		sts counter,__zero_reg__
 113 005a 00C0      		rjmp .L4
 114               	.L6:
 168:keyboards/dz60/keymaps/Crabo-7498/keymap.c ****             }
 115               		.loc 1 168 17 is_stmt 1 view .LVU29
 168:keyboards/dz60/keymaps/Crabo-7498/keymap.c ****             }
 116               		.loc 1 168 24 is_stmt 0 view .LVU30
 117 005c 0196      		adiw r24,1
 118 005e 9093 0000 		sts counter+1,r25
 119 0062 8093 0000 		sts counter,r24
 120 0066 00C0      		rjmp .L4
 121               		.cfi_endproc
 122               	.LFE118:
 124               		.section	.text.matrix_scan_user,"ax",@progbits
 125               	.global	matrix_scan_user
 127               	matrix_scan_user:
 128               	.LFB119:
 178:keyboards/dz60/keymaps/Crabo-7498/keymap.c **** 
 179:keyboards/dz60/keymaps/Crabo-7498/keymap.c **** uint16_t trigger_timer = 0;
 180:keyboards/dz60/keymaps/Crabo-7498/keymap.c **** 
 181:keyboards/dz60/keymaps/Crabo-7498/keymap.c **** // Reset counter if not pressed fast enough
 182:keyboards/dz60/keymaps/Crabo-7498/keymap.c **** void matrix_scan_user(void)
 183:keyboards/dz60/keymaps/Crabo-7498/keymap.c **** {
 129               		.loc 1 183 1 is_stmt 1 view -0
 130               		.cfi_startproc
 131               	/* prologue: function */
 132               	/* frame size = 0 */
 133               	/* stack size = 0 */
 134               	.L__stack_usage = 0
 184:keyboards/dz60/keymaps/Crabo-7498/keymap.c ****     if (timer_elapsed(timer) > 350)
 135               		.loc 1 184 5 view .LVU32
 136               		.loc 1 184 9 is_stmt 0 view .LVU33
 137 0000 8091 0000 		lds r24,timer
 138 0004 9091 0000 		lds r25,timer+1
 139 0008 0E94 0000 		call timer_elapsed
 140               	.LVL10:
 141               		.loc 1 184 8 view .LVU34
 142 000c 8F35      		cpi r24,95
 143 000e 9140      		sbci r25,1
 144 0010 00F0      		brlo .L11
 185:keyboards/dz60/keymaps/Crabo-7498/keymap.c ****     {
 186:keyboards/dz60/keymaps/Crabo-7498/keymap.c ****         counter = 0;
 145               		.loc 1 186 9 is_stmt 1 view .LVU35
 146               		.loc 1 186 17 is_stmt 0 view .LVU36
 147 0012 1092 0000 		sts counter+1,__zero_reg__
 148 0016 1092 0000 		sts counter,__zero_reg__
 149               	.L11:
 187:keyboards/dz60/keymaps/Crabo-7498/keymap.c ****     }
 188:keyboards/dz60/keymaps/Crabo-7498/keymap.c **** 
 189:keyboards/dz60/keymaps/Crabo-7498/keymap.c ****     if (triggered && timer_elapsed(trigger_timer) > 250)
 150               		.loc 1 189 5 is_stmt 1 view .LVU37
 151               		.loc 1 189 8 is_stmt 0 view .LVU38
 152 001a 8091 0000 		lds r24,triggered
 153 001e 8823      		tst r24
 154 0020 01F0      		breq .L10
 155               		.loc 1 189 22 discriminator 1 view .LVU39
 156 0022 8091 0000 		lds r24,trigger_timer
 157 0026 9091 0000 		lds r25,trigger_timer+1
 158 002a 0E94 0000 		call timer_elapsed
 159               	.LVL11:
 160               		.loc 1 189 19 discriminator 1 view .LVU40
 161 002e 8B3F      		cpi r24,-5
 162 0030 9105      		cpc r25,__zero_reg__
 163 0032 00F0      		brlo .L10
 190:keyboards/dz60/keymaps/Crabo-7498/keymap.c ****     {
 191:keyboards/dz60/keymaps/Crabo-7498/keymap.c ****         trigger_timer = timer_read();
 164               		.loc 1 191 9 is_stmt 1 view .LVU41
 165               		.loc 1 191 25 is_stmt 0 view .LVU42
 166 0034 0E94 0000 		call timer_read
 167               	.LVL12:
 168               		.loc 1 191 23 view .LVU43
 169 0038 9093 0000 		sts trigger_timer+1,r25
 170 003c 8093 0000 		sts trigger_timer,r24
 192:keyboards/dz60/keymaps/Crabo-7498/keymap.c ****         tap_code_delay(KC_BTN1, 42);
 171               		.loc 1 192 9 is_stmt 1 view .LVU44
 172 0040 6AE2      		ldi r22,lo8(42)
 173 0042 70E0      		ldi r23,0
 174 0044 81EF      		ldi r24,lo8(-15)
 175 0046 0E94 0000 		call tap_code_delay
 176               	.LVL13:
 193:keyboards/dz60/keymaps/Crabo-7498/keymap.c ****         tap_code_delay(KC_BTN1, 31);
 177               		.loc 1 193 9 view .LVU45
 178 004a 6FE1      		ldi r22,lo8(31)
 179 004c 70E0      		ldi r23,0
 180 004e 81EF      		ldi r24,lo8(-15)
 181 0050 0E94 0000 		call tap_code_delay
 182               	.LVL14:
 194:keyboards/dz60/keymaps/Crabo-7498/keymap.c ****         tap_code_delay(KC_BTN1, 54);
 183               		.loc 1 194 9 view .LVU46
 184 0054 66E3      		ldi r22,lo8(54)
 185 0056 70E0      		ldi r23,0
 186 0058 81EF      		ldi r24,lo8(-15)
 187 005a 0E94 0000 		call tap_code_delay
 188               	.LVL15:
 195:keyboards/dz60/keymaps/Crabo-7498/keymap.c ****         tap_code_delay(KC_BTN1, 28);
 189               		.loc 1 195 9 view .LVU47
 190 005e 6CE1      		ldi r22,lo8(28)
 191 0060 70E0      		ldi r23,0
 192 0062 81EF      		ldi r24,lo8(-15)
 193 0064 0E94 0000 		call tap_code_delay
 194               	.LVL16:
 196:keyboards/dz60/keymaps/Crabo-7498/keymap.c ****         tap_code_delay(KC_BTN1, 49);
 195               		.loc 1 196 9 view .LVU48
 196 0068 61E3      		ldi r22,lo8(49)
 197 006a 70E0      		ldi r23,0
 198 006c 81EF      		ldi r24,lo8(-15)
 199 006e 0C94 0000 		jmp tap_code_delay
 200               	.LVL17:
 201               	.L10:
 202               	/* epilogue start */
 197:keyboards/dz60/keymaps/Crabo-7498/keymap.c ****     }
 198:keyboards/dz60/keymaps/Crabo-7498/keymap.c **** }...
 203               		.loc 1 198 1 is_stmt 0 view .LVU49
 204 0072 0895      		ret
 205               		.cfi_endproc
 206               	.LFE119:
 208               	.global	trigger_timer
 209               		.section	.bss.trigger_timer,"aw",@nobits
 212               	trigger_timer:
 213 0000 0000      		.zero	2
 214               	.global	triggered
 215               		.section	.bss.triggered,"aw",@nobits
 218               	triggered:
 219 0000 00        		.zero	1
 220               	.global	timer
 221               		.section	.bss.timer,"aw",@nobits
 224               	timer:
 225 0000 0000      		.zero	2
 226               	.global	counter
 227               		.section	.bss.counter,"aw",@nobits
 230               	counter:
 231 0000 0000      		.zero	2
 232               	.global	keymaps
 233               		.section	.progmem.data.keymaps,"a"
 236               	keymaps:
 237 0000 165C      		.word	23574
 238 0002 1E00      		.word	30
 239 0004 1F00      		.word	31
 240 0006 2000      		.word	32
 241 0008 2100      		.word	33
 242 000a 2200      		.word	34
 243 000c 2300      		.word	35
 244 000e 2400      		.word	36
 245 0010 2500      		.word	37
 246 0012 2600      		.word	38
 247 0014 2700      		.word	39
 248 0016 2D00      		.word	45
 249 0018 2E00      		.word	46
 250 001a 2A00      		.word	42
 251 001c 2A00      		.word	42
 252 001e 2B00      		.word	43
 253 0020 0000      		.word	0
 254 0022 1400      		.word	20
 255 0024 1A00      		.word	26
 256 0026 0800      		.word	8
 257 0028 1500      		.word	21
 258 002a 1700      		.word	23
 259 002c 1C00      		.word	28
 260 002e 1800      		.word	24
 261 0030 0C00      		.word	12
 262 0032 1200      		.word	18
 263 0034 1300      		.word	19
 264 0036 2F00      		.word	47
 265 0038 3000      		.word	48
 266 003a 3100      		.word	49
 267 003c 3900      		.word	57
 268 003e 0000      		.word	0
 269 0040 0400      		.word	4
 270 0042 1600      		.word	22
 271 0044 0700      		.word	7
 272 0046 0900      		.word	9
 273 0048 0A00      		.word	10
 274 004a 0B00      		.word	11
 275 004c 0D00      		.word	13
 276 004e 0E00      		.word	14
 277 0050 0F00      		.word	15
 278 0052 3300      		.word	51
 279 0054 3400      		.word	52
 280 0056 2800      		.word	40
 281 0058 0000      		.word	0
 282 005a E100      		.word	225
 283 005c 0000      		.word	0
 284 005e 1D00      		.word	29
 285 0060 1B00      		.word	27
 286 0062 0600      		.word	6
 287 0064 1900      		.word	25
 288 0066 0500      		.word	5
 289 0068 1100      		.word	17
 290 006a 1000      		.word	16
 291 006c 3600      		.word	54
 292 006e 3700      		.word	55
 293 0070 3800      		.word	56
 294 0072 0000      		.word	0
 295 0074 FF00      		.word	255
 296 0076 0000      		.word	0
 297 0078 E000      		.word	224
 298 007a E300      		.word	227
 299 007c 0000      		.word	0
 300 007e E200      		.word	226
 301 0080 2C00      		.word	44
 302 0082 0000      		.word	0
 303 0084 2C00      		.word	44
 304 0086 0000      		.word	0
 305 0088 2C00      		.word	44
 306 008a 0000      		.word	0
 307 008c 5000      		.word	80
 308 008e 0258      		.word	22530
 309 0090 0000      		.word	0
 310 0092 4F00      		.word	79
 311 0094 E400      		.word	228
 312 0096 0100      		.word	1
 313 0098 0100      		.word	1
 314 009a 0100      		.word	1
 315 009c 0100      		.word	1
 316 009e 0100      		.word	1
 317 00a0 0100      		.word	1
 318 00a2 0100      		.word	1
 319 00a4 0100      		.word	1
 320 00a6 0100      		.word	1
 321 00a8 0100      		.word	1
 322 00aa 0100      		.word	1
 323 00ac 0100      		.word	1
 324 00ae 0100      		.word	1
 325 00b0 0100      		.word	1
 326 00b2 0100      		.word	1
 327 00b4 0100      		.word	1
 328 00b6 0000      		.word	0
 329 00b8 295D      		.word	23849
 330 00ba 0100      		.word	1
 331 00bc 0100      		.word	1
 332 00be 0100      		.word	1
 333 00c0 0100      		.word	1
 334 00c2 0100      		.word	1
 335 00c4 0100      		.word	1
 336 00c6 0100      		.word	1
 337 00c8 0100      		.word	1
 338 00ca 0100      		.word	1
 339 00cc 0100      		.word	1
 340 00ce 0100      		.word	1
 341 00d0 0100      		.word	1
 342 00d2 295D      		.word	23849
 343 00d4 0000      		.word	0
 344 00d6 0100      		.word	1
 345 00d8 0100      		.word	1
 346 00da 0100      		.word	1
 347 00dc 295D      		.word	23849
 348 00de 0100      		.word	1
 349 00e0 0100      		.word	1
 350 00e2 0100      		.word	1
 351 00e4 0100      		.word	1
 352 00e6 0100      		.word	1
 353 00e8 0100      		.word	1
 354 00ea 0100      		.word	1
 355 00ec 0100      		.word	1
 356 00ee 0000      		.word	0
 357 00f0 0100      		.word	1
 358 00f2 0100      		.word	1
 359 00f4 0100      		.word	1
 360 00f6 0100      		.word	1
 361 00f8 0100      		.word	1
 362 00fa 0100      		.word	1
 363 00fc 0100      		.word	1
 364 00fe 0100      		.word	1
 365 0100 0100      		.word	1
 366 0102 0100      		.word	1
 367 0104 0100      		.word	1
 368 0106 0100      		.word	1
 369 0108 0000      		.word	0
 370 010a 0100      		.word	1
 371 010c 0100      		.word	1
 372 010e 0100      		.word	1
 373 0110 0100      		.word	1
 374 0112 0000      		.word	0
 375 0114 0100      		.word	1
 376 0116 0100      		.word	1
 377 0118 0000      		.word	0
 378 011a 0100      		.word	1
 379 011c 0000      		.word	0
 380 011e 0100      		.word	1
 381 0120 0000      		.word	0
 382 0122 0100      		.word	1
 383 0124 0100      		.word	1
 384 0126 0100      		.word	1
 385 0128 0100      		.word	1
 386 012a 1050      		.word	20496
 387 012c 3500      		.word	53
 388 012e 3A00      		.word	58
 389 0130 3B00      		.word	59
 390 0132 3C00      		.word	60
 391 0134 3D00      		.word	61
 392 0136 3E00      		.word	62
 393 0138 3F00      		.word	63
 394 013a 4000      		.word	64
 395 013c 4100      		.word	65
 396 013e 4200      		.word	66
 397 0140 4300      		.word	67
 398 0142 4400      		.word	68
 399 0144 4500      		.word	69
 400 0146 4C00      		.word	76
 401 0148 4C00      		.word	76
 402 014a C45C      		.word	23748
 403 014c 0000      		.word	0
 404 014e C35C      		.word	23747
 405 0150 C65C      		.word	23750
 406 0152 C75C      		.word	23751
 407 0154 C85C      		.word	23752
 408 0156 C95C      		.word	23753
 409 0158 0100      		.word	1
 410 015a 0100      		.word	1
 411 015c 0100      		.word	1
 412 015e 0100      		.word	1
 413 0160 0100      		.word	1
 414 0162 A600      		.word	166
 415 0164 A700      		.word	167
 416 0166 4600      		.word	70
 417 0168 0100      		.word	1
 418 016a 0000      		.word	0
 419 016c 0100      		.word	1
 420 016e 0100      		.word	1
 421 0170 0100      		.word	1
 422 0172 0100      		.word	1
 423 0174 0100      		.word	1
 424 0176 0100      		.word	1
 425 0178 0100      		.word	1
 426 017a 0100      		.word	1
 427 017c 0100      		.word	1
 428 017e 0100      		.word	1
 429 0180 0100      		.word	1
 430 0182 005C      		.word	23552
 431 0184 0000      		.word	0
 432 0186 0100      		.word	1
 433 0188 0100      		.word	1
 434 018a 0100      		.word	1
 435 018c 0100      		.word	1
 436 018e 0100      		.word	1
 437 0190 0100      		.word	1
 438 0192 AA00      		.word	170
 439 0194 A900      		.word	169
 440 0196 AE00      		.word	174
 441 0198 AC00      		.word	172
 442 019a AB00      		.word	171
 443 019c A800      		.word	168
 444 019e 0000      		.word	0
 445 01a0 0100      		.word	1
 446 01a2 0100      		.word	1
 447 01a4 0100      		.word	1
 448 01a6 0100      		.word	1
 449 01a8 0000      		.word	0
 450 01aa 0100      		.word	1
 451 01ac 0100      		.word	1
 452 01ae 0000      		.word	0
 453 01b0 0100      		.word	1
 454 01b2 0000      		.word	0
 455 01b4 0100      		.word	1
 456 01b6 0000      		.word	0
 457 01b8 5200      		.word	82
 458 01ba 0100      		.word	1
 459 01bc 0100      		.word	1
 460 01be 5100      		.word	81
 461 01c0 1050      		.word	20496
 462               	.global	tap_dance_actions
 463               		.section	.bss.tap_dance_actions,"aw",@nobits
 466               	tap_dance_actions:
 467               	.global	unicode_map
 468               		.section	.progmem.data.unicode_map,"a"
 471               	unicode_map:
 472 0000 9E        		.byte	-98
 473 0001 B6        		.byte	-74
 474 0002 E0        		.byte	-32
 475 0003 00        		.byte	0
 476               		.text
 477               	.Letext0:
 478               		.file 2 "/usr/local/Cellar/avr-gcc@8/8.4.0_1/avr/include/stdint.h"
 479               		.file 3 "/usr/local/Cellar/avr-gcc@8/8.4.0_1/lib/avr-gcc/8/gcc/avr/8.4.0/include/stddef.h"
 480               		.file 4 "tmk_core/common/keyboard.h"
 481               		.file 5 "tmk_core/common/keycode.h"
 482               		.file 6 "tmk_core/common/action_code.h"
 483               		.file 7 "tmk_core/common/action.h"
 484               		.file 8 "lib/lufa/LUFA/Drivers/USB/Core/AVR8/../StdRequestType.h"
 485               		.file 9 "lib/lufa/LUFA/Drivers/USB/Core/AVR8/../DeviceStandardReq.h"
 486               		.file 10 "lib/lufa/LUFA/Drivers/USB/Core/USBTask.h"
 487               		.file 11 "lib/lufa/LUFA/Drivers/USB/Core/HostStandardReq.h"
 488               		.file 12 "/usr/local/Cellar/avr-gcc@8/8.4.0_1/avr/include/stdio.h"
 489               		.file 13 "tmk_core/common/report.h"
 490               		.file 14 "tmk_core/common/host.h"
 491               		.file 15 "tmk_core/common/debug.h"
 492               		.file 16 "quantum/keycode_config.h"
 493               		.file 17 "quantum/quantum_keycodes.h"
 494               		.file 18 "quantum/keymap.h"
 495               		.file 19 "./quantum/color.h"
 496               		.file 20 "quantum/rgblight.h"
 497               		.file 21 "tmk_core/common/action_layer.h"
 498               		.file 22 "tmk_core/common/timer.h"
 499               		.file 23 "tmk_core/common/action_util.h"
 500               		.file 24 "quantum/send_string.h"
 501               		.file 25 "/usr/local/Cellar/avr-gcc@8/8.4.0_1/avr/include/stdlib.h"
 502               		.file 26 "quantum/process_keycode/process_unicode_common.h"
 503               		.file 27 "quantum/process_keycode/process_unicodemap.h"
 504               		.file 28 "quantum/process_keycode/process_tap_dance.h"
DEFINED SYMBOLS
                            *ABS*:0000000000000000 keymap.c
/var/folders/_7/b1vvw0zx42g3yw9l_q10bzth0000gn/T//ccRizur8.s:2      *ABS*:000000000000003e __SP_H__
/var/folders/_7/b1vvw0zx42g3yw9l_q10bzth0000gn/T//ccRizur8.s:3      *ABS*:000000000000003d __SP_L__
/var/folders/_7/b1vvw0zx42g3yw9l_q10bzth0000gn/T//ccRizur8.s:4      *ABS*:000000000000003f __SREG__
/var/folders/_7/b1vvw0zx42g3yw9l_q10bzth0000gn/T//ccRizur8.s:5      *ABS*:0000000000000000 __tmp_reg__
/var/folders/_7/b1vvw0zx42g3yw9l_q10bzth0000gn/T//ccRizur8.s:6      *ABS*:0000000000000001 __zero_reg__
/var/folders/_7/b1vvw0zx42g3yw9l_q10bzth0000gn/T//ccRizur8.s:13     .text.td_toggle_layers:0000000000000000 td_toggle_layers
/var/folders/_7/b1vvw0zx42g3yw9l_q10bzth0000gn/T//ccRizur8.s:34     .text.process_record_user:0000000000000000 process_record_user
/var/folders/_7/b1vvw0zx42g3yw9l_q10bzth0000gn/T//ccRizur8.s:218    .bss.triggered:0000000000000000 triggered
/var/folders/_7/b1vvw0zx42g3yw9l_q10bzth0000gn/T//ccRizur8.s:224    .bss.timer:0000000000000000 timer
/var/folders/_7/b1vvw0zx42g3yw9l_q10bzth0000gn/T//ccRizur8.s:230    .bss.counter:0000000000000000 counter
/var/folders/_7/b1vvw0zx42g3yw9l_q10bzth0000gn/T//ccRizur8.s:127    .text.matrix_scan_user:0000000000000000 matrix_scan_user
/var/folders/_7/b1vvw0zx42g3yw9l_q10bzth0000gn/T//ccRizur8.s:212    .bss.trigger_timer:0000000000000000 trigger_timer
/var/folders/_7/b1vvw0zx42g3yw9l_q10bzth0000gn/T//ccRizur8.s:236    .progmem.data.keymaps:0000000000000000 keymaps
/var/folders/_7/b1vvw0zx42g3yw9l_q10bzth0000gn/T//ccRizur8.s:466    .bss.tap_dance_actions:0000000000000000 tap_dance_actions
/var/folders/_7/b1vvw0zx42g3yw9l_q10bzth0000gn/T//ccRizur8.s:471    .progmem.data.unicode_map:0000000000000000 unicode_map

UNDEFINED SYMBOLS
timer_read
layer_off
layer_on
timer_elapsed
tap_code_delay
__do_clear_bss
