   1               		.file	"keymap.c"
   2               	__SP_H__ = 0x3e
   3               	__SP_L__ = 0x3d
   4               	__SREG__ = 0x3f
   5               	__tmp_reg__ = 0
   6               	__zero_reg__ = 1
   7               		.text
   8               	.Ltext0:
   9               		.cfi_sections	.debug_frame
  10               	.global	keymaps
  11               		.section	.progmem.data.keymaps,"a"
  14               	keymaps:
  15 0000 165C      		.word	23574
  16 0002 1E00      		.word	30
  17 0004 1F00      		.word	31
  18 0006 2000      		.word	32
  19 0008 2100      		.word	33
  20 000a 2200      		.word	34
  21 000c 2300      		.word	35
  22 000e 2400      		.word	36
  23 0010 2500      		.word	37
  24 0012 2600      		.word	38
  25 0014 2700      		.word	39
  26 0016 2D00      		.word	45
  27 0018 2E00      		.word	46
  28 001a 0000      		.word	0
  29 001c 2A00      		.word	42
  30 001e 2B00      		.word	43
  31 0020 0000      		.word	0
  32 0022 1400      		.word	20
  33 0024 1A00      		.word	26
  34 0026 0800      		.word	8
  35 0028 1500      		.word	21
  36 002a 1700      		.word	23
  37 002c 1C00      		.word	28
  38 002e 1800      		.word	24
  39 0030 0C00      		.word	12
  40 0032 1200      		.word	18
  41 0034 1300      		.word	19
  42 0036 2F00      		.word	47
  43 0038 3000      		.word	48
  44 003a 3100      		.word	49
  45 003c 3900      		.word	57
  46 003e 0000      		.word	0
  47 0040 0400      		.word	4
  48 0042 1600      		.word	22
  49 0044 0700      		.word	7
  50 0046 0900      		.word	9
  51 0048 0A00      		.word	10
  52 004a 0B00      		.word	11
  53 004c 0D00      		.word	13
  54 004e 0E00      		.word	14
  55 0050 0F00      		.word	15
  56 0052 3300      		.word	51
  57 0054 3400      		.word	52
  58 0056 2800      		.word	40
  59 0058 0000      		.word	0
  60 005a E100      		.word	225
  61 005c 0000      		.word	0
  62 005e 1D00      		.word	29
  63 0060 1B00      		.word	27
  64 0062 0600      		.word	6
  65 0064 1900      		.word	25
  66 0066 0500      		.word	5
  67 0068 1100      		.word	17
  68 006a 1000      		.word	16
  69 006c 3600      		.word	54
  70 006e 3700      		.word	55
  71 0070 3800      		.word	56
  72 0072 0000      		.word	0
  73 0074 E500      		.word	229
  74 0076 0000      		.word	0
  75 0078 E000      		.word	224
  76 007a E300      		.word	227
  77 007c 0000      		.word	0
  78 007e E200      		.word	226
  79 0080 2C00      		.word	44
  80 0082 0000      		.word	0
  81 0084 2C00      		.word	44
  82 0086 0000      		.word	0
  83 0088 2C00      		.word	44
  84 008a 0000      		.word	0
  85 008c E600      		.word	230
  86 008e 0000      		.word	0
  87 0090 0000      		.word	0
  88 0092 0151      		.word	20737
  89 0094 E400      		.word	228
  90 0096 3500      		.word	53
  91 0098 3A00      		.word	58
  92 009a 3B00      		.word	59
  93 009c 3C00      		.word	60
  94 009e 3D00      		.word	61
  95 00a0 3E00      		.word	62
  96 00a2 3F00      		.word	63
  97 00a4 4000      		.word	64
  98 00a6 4100      		.word	65
  99 00a8 4200      		.word	66
 100 00aa 4300      		.word	67
 101 00ac 4400      		.word	68
 102 00ae 4500      		.word	69
 103 00b0 0100      		.word	1
 104 00b2 4C00      		.word	76
 105 00b4 0100      		.word	1
 106 00b6 0000      		.word	0
 107 00b8 C35C      		.word	23747
 108 00ba C45C      		.word	23748
 109 00bc C65C      		.word	23750
 110 00be C75C      		.word	23751
 111 00c0 C85C      		.word	23752
 112 00c2 C95C      		.word	23753
 113 00c4 CA5C      		.word	23754
 114 00c6 CB5C      		.word	23755
 115 00c8 0100      		.word	1
 116 00ca 0100      		.word	1
 117 00cc 0100      		.word	1
 118 00ce 0100      		.word	1
 119 00d0 005C      		.word	23552
 120 00d2 0100      		.word	1
 121 00d4 0000      		.word	0
 122 00d6 0100      		.word	1
 123 00d8 0100      		.word	1
 124 00da 0100      		.word	1
 125 00dc 0100      		.word	1
 126 00de 0100      		.word	1
 127 00e0 0100      		.word	1
 128 00e2 0100      		.word	1
 129 00e4 0100      		.word	1
 130 00e6 0100      		.word	1
 131 00e8 0100      		.word	1
 132 00ea 0100      		.word	1
 133 00ec 0100      		.word	1
 134 00ee 0000      		.word	0
 135 00f0 0100      		.word	1
 136 00f2 0100      		.word	1
 137 00f4 0100      		.word	1
 138 00f6 0100      		.word	1
 139 00f8 BE5C      		.word	23742
 140 00fa C05C      		.word	23744
 141 00fc BF5C      		.word	23743
 142 00fe C15C      		.word	23745
 143 0100 0100      		.word	1
 144 0102 0100      		.word	1
 145 0104 0100      		.word	1
 146 0106 0100      		.word	1
 147 0108 0000      		.word	0
 148 010a 0100      		.word	1
 149 010c 0100      		.word	1
 150 010e 0100      		.word	1
 151 0110 0100      		.word	1
 152 0112 0000      		.word	0
 153 0114 0100      		.word	1
 154 0116 0100      		.word	1
 155 0118 0000      		.word	0
 156 011a 0100      		.word	1
 157 011c 0000      		.word	0
 158 011e 0100      		.word	1
 159 0120 0000      		.word	0
 160 0122 0100      		.word	1
 161 0124 0100      		.word	1
 162 0126 0100      		.word	1
 163 0128 0100      		.word	1
 164 012a 0100      		.word	1
 165               		.text
 166               	.Letext0:
 167               		.file 1 "/usr/local/Cellar/avr-gcc@8/8.4.0_1/avr/include/stdint.h"
 168               		.file 2 "/usr/local/Cellar/avr-gcc@8/8.4.0_1/lib/avr-gcc/8/gcc/avr/8.4.0/include/stddef.h"
 169               		.file 3 "lib/lufa/LUFA/Drivers/USB/Core/AVR8/../StdRequestType.h"
 170               		.file 4 "tmk_core/common/action.h"
 171               		.file 5 "lib/lufa/LUFA/Drivers/USB/Core/AVR8/../DeviceStandardReq.h"
 172               		.file 6 "lib/lufa/LUFA/Drivers/USB/Core/USBTask.h"
 173               		.file 7 "lib/lufa/LUFA/Drivers/USB/Core/HostStandardReq.h"
 174               		.file 8 "/usr/local/Cellar/avr-gcc@8/8.4.0_1/avr/include/stdio.h"
 175               		.file 9 "tmk_core/common/report.h"
 176               		.file 10 "tmk_core/common/host.h"
 177               		.file 11 "tmk_core/common/debug.h"
 178               		.file 12 "quantum/keycode_config.h"
 179               		.file 13 "tmk_core/common/keycode.h"
 180               		.file 14 "quantum/quantum_keycodes.h"
 181               		.file 15 "quantum/keymap.h"
 182               		.file 16 "./quantum/color.h"
 183               		.file 17 "quantum/rgblight.h"
 184               		.file 18 "tmk_core/common/action_layer.h"
 185               		.file 19 "tmk_core/common/timer.h"
 186               		.file 20 "tmk_core/common/action_util.h"
 187               		.file 21 "quantum/send_string.h"
 188               		.file 22 "/usr/local/Cellar/avr-gcc@8/8.4.0_1/avr/include/stdlib.h"
 189               		.file 23 "keyboards/dz60/keymaps/default/keymap.c"
DEFINED SYMBOLS
                            *ABS*:0000000000000000 keymap.c
/var/folders/_7/b1vvw0zx42g3yw9l_q10bzth0000gn/T//ccHJMnPs.s:2      *ABS*:000000000000003e __SP_H__
/var/folders/_7/b1vvw0zx42g3yw9l_q10bzth0000gn/T//ccHJMnPs.s:3      *ABS*:000000000000003d __SP_L__
/var/folders/_7/b1vvw0zx42g3yw9l_q10bzth0000gn/T//ccHJMnPs.s:4      *ABS*:000000000000003f __SREG__
/var/folders/_7/b1vvw0zx42g3yw9l_q10bzth0000gn/T//ccHJMnPs.s:5      *ABS*:0000000000000000 __tmp_reg__
/var/folders/_7/b1vvw0zx42g3yw9l_q10bzth0000gn/T//ccHJMnPs.s:6      *ABS*:0000000000000001 __zero_reg__
/var/folders/_7/b1vvw0zx42g3yw9l_q10bzth0000gn/T//ccHJMnPs.s:14     .progmem.data.keymaps:0000000000000000 keymaps

NO UNDEFINED SYMBOLS
